android/app/build/intermediates/manifest_merge_blame_file/debug/manifest-merger-blame-debug-report.txt
1<?xml version="1.0" encoding="utf-8"?>
2<manifest xmlns:android="http://schemas.android.com/apk/res/android"
3    package="com.project2"
4    android:versionCode="1"
5    android:versionName="1.0" >
6
7    <uses-sdk
8        android:minSdkVersion="21"
9        android:targetSdkVersion="31" />
10
11    <uses-permission android:name="android.permission.SYSTEM_ALERT_WINDOW" />
11-->src\debug\AndroidManifest.xml:5:5-77
11-->src\debug\AndroidManifest.xml:5:22-75
12    <uses-permission android:name="android.permission.INTERNET" />
12-->src\main\AndroidManifest.xml:4:5-67
12-->src\main\AndroidManifest.xml:4:22-64
13    <uses-permission android:name="android.permission.CAMERA" />
13-->src\main\AndroidManifest.xml:5:1-60
13-->src\main\AndroidManifest.xml:5:18-58
14
15    <uses-feature
15-->src\main\AndroidManifest.xml:6:1-81
16        android:name="android.hardware.camera"
16-->src\main\AndroidManifest.xml:6:15-53
17        android:required="false" />
17-->src\main\AndroidManifest.xml:6:54-78
18    <uses-feature
18-->src\main\AndroidManifest.xml:7:1-87
19        android:name="android.hardware.camera.front"
19-->src\main\AndroidManifest.xml:7:15-59
20        android:required="false" />
20-->src\main\AndroidManifest.xml:7:60-84
21
22    <uses-permission android:name="android.permission.ACCESS_WIFI_STATE" />
22-->[com.facebook.flipper:flipper:0.125.0] AndroidManifest.xml:16:5-76
22-->[com.facebook.flipper:flipper:0.125.0] AndroidManifest.xml:16:22-73
23
24    <queries>
24-->[:react-native-image-crop-picker] AndroidManifest.xml:9:5-13:15
25        <intent>
25-->[:react-native-image-crop-picker] AndroidManifest.xml:10:9-12:18
26            <action android:name="android.media.action.IMAGE_CAPTURE" />
26-->[:react-native-image-crop-picker] AndroidManifest.xml:11:13-73
26-->[:react-native-image-crop-picker] AndroidManifest.xml:11:21-70
27        </intent>
28    </queries>
29
30    <uses-permission android:name="android.permission.WRITE_EXTERNAL_STORAGE" />
30-->[:react-native-image-crop-picker] AndroidManifest.xml:15:5-81
30-->[:react-native-image-crop-picker] AndroidManifest.xml:15:22-78
31
32    <application
32-->src\main\AndroidManifest.xml:8:5-27:19
33        android:name="com.project2.MainApplication"
33-->src\main\AndroidManifest.xml:9:7-38
34        android:allowBackup="false"
34-->src\main\AndroidManifest.xml:13:7-34
35        android:appComponentFactory="androidx.core.app.CoreComponentFactory"
35-->[androidx.core:core:1.7.0] AndroidManifest.xml:24:18-86
36        android:debuggable="true"
37        android:icon="@mipmap/ic_launcher"
37-->src\main\AndroidManifest.xml:11:7-41
38        android:label="@string/app_name"
38-->src\main\AndroidManifest.xml:10:7-39
39        android:roundIcon="@mipmap/ic_launcher_round"
39-->src\main\AndroidManifest.xml:12:7-52
40        android:theme="@style/AppTheme"
40-->src\main\AndroidManifest.xml:14:7-38
41        android:usesCleartextTraffic="true" >
41-->src\debug\AndroidManifest.xml:8:9-44
42        <activity
42-->src\debug\AndroidManifest.xml:11:9-111
43            android:name="com.facebook.react.devsupport.DevSettingsActivity"
43-->src\debug\AndroidManifest.xml:11:19-83
44            android:exported="false" />
44-->src\debug\AndroidManifest.xml:11:84-108
45        <activity
45-->src\main\AndroidManifest.xml:15:7-26:18
46            android:name="com.project2.MainActivity"
46-->src\main\AndroidManifest.xml:16:9-37
47            android:configChanges="keyboard|keyboardHidden|orientation|screenLayout|screenSize|smallestScreenSize|uiMode"
47-->src\main\AndroidManifest.xml:18:9-118
48            android:exported="true"
48-->src\main\AndroidManifest.xml:21:9-32
49            android:label="@string/app_name"
49-->src\main\AndroidManifest.xml:17:9-41
50            android:launchMode="singleTask"
50-->src\main\AndroidManifest.xml:19:9-40
51            android:windowSoftInputMode="adjustResize" >
51-->src\main\AndroidManifest.xml:20:9-51
52            <intent-filter>
52-->src\main\AndroidManifest.xml:22:9-25:25
53                <action android:name="android.intent.action.MAIN" />
53-->src\main\AndroidManifest.xml:23:13-65
53-->src\main\AndroidManifest.xml:23:21-62
54
55                <category android:name="android.intent.category.LAUNCHER" />
55-->src\main\AndroidManifest.xml:24:13-73
55-->src\main\AndroidManifest.xml:24:23-70
56            </intent-filter>
57        </activity>
58
59        <provider
59-->[:react-native-image-crop-picker] AndroidManifest.xml:18:9-26:20
60            android:name="com.reactnative.ivpusic.imagepicker.IvpusicImagePickerFileProvider"
60-->[:react-native-image-crop-picker] AndroidManifest.xml:19:13-94
61            android:authorities="com.project2.provider"
61-->[:react-native-image-crop-picker] AndroidManifest.xml:20:13-60
62            android:exported="false"
62-->[:react-native-image-crop-picker] AndroidManifest.xml:21:13-37
63            android:grantUriPermissions="true" >
63-->[:react-native-image-crop-picker] AndroidManifest.xml:22:13-47
64            <meta-data
64-->[:react-native-image-crop-picker] AndroidManifest.xml:23:13-25:78
65                android:name="android.support.FILE_PROVIDER_PATHS"
65-->[:react-native-image-crop-picker] AndroidManifest.xml:24:17-67
66                android:resource="@xml/ivpusic_imagepicker_provider_paths" />
66-->[:react-native-image-crop-picker] AndroidManifest.xml:25:17-75
67        </provider>
68
69        <activity
69-->[:react-native-image-crop-picker] AndroidManifest.xml:28:9-30:72
70            android:name="com.yalantis.ucrop.UCropActivity"
70-->[:react-native-image-crop-picker] AndroidManifest.xml:29:13-60
71            android:theme="@style/Theme.AppCompat.Light.NoActionBar" />
71-->[:react-native-image-crop-picker] AndroidManifest.xml:30:13-69
72
73        <provider
73-->[androidx.emoji2:emoji2:1.0.0] AndroidManifest.xml:26:9-34:20
74            android:name="androidx.startup.InitializationProvider"
74-->[androidx.emoji2:emoji2:1.0.0] AndroidManifest.xml:27:13-67
75            android:authorities="com.project2.androidx-startup"
75-->[androidx.emoji2:emoji2:1.0.0] AndroidManifest.xml:28:13-68
76            android:exported="false" >
76-->[androidx.emoji2:emoji2:1.0.0] AndroidManifest.xml:29:13-37
77            <meta-data
77-->[androidx.emoji2:emoji2:1.0.0] AndroidManifest.xml:31:13-33:52
78                android:name="androidx.emoji2.text.EmojiCompatInitializer"
78-->[androidx.emoji2:emoji2:1.0.0] AndroidManifest.xml:32:17-75
79                android:value="androidx.startup" />
79-->[androidx.emoji2:emoji2:1.0.0] AndroidManifest.xml:33:17-49
80            <meta-data
80-->[androidx.lifecycle:lifecycle-process:2.4.0] AndroidManifest.xml:31:13-33:52
81                android:name="androidx.lifecycle.ProcessLifecycleInitializer"
81-->[androidx.lifecycle:lifecycle-process:2.4.0] AndroidManifest.xml:32:17-78
82                android:value="androidx.startup" />
82-->[androidx.lifecycle:lifecycle-process:2.4.0] AndroidManifest.xml:33:17-49
83        </provider>
84    </application>
85
86</manifest>